0 info it worked if it ends with ok
1 verbose cli [ '/usr/bin/node', '/usr/bin/npm', 'start' ]
2 info using npm@3.5.2
3 info using node@v8.10.0
4 verbose run-script [ 'prestart', 'start', 'poststart' ]
5 info lifecycle WarnerMusic@~prestart: WarnerMusic@
6 silly lifecycle WarnerMusic@~prestart: no script for prestart, continuing
7 info lifecycle WarnerMusic@~start: WarnerMusic@
8 verbose lifecycle WarnerMusic@~start: unsafe-perm in lifecycle true
9 verbose lifecycle WarnerMusic@~start: PATH: /usr/share/npm/bin/node-gyp-bin:/home/ben-j/Documents/perso/hackathon/WarnerMusic/node_modules/.bin:/usr/local/sbin:/usr/local/bin:/usr/sbin:/usr/bin:/sbin:/bin:/snap/bin
10 verbose lifecycle WarnerMusic@~start: CWD: /home/ben-j/Documents/perso/hackathon/WarnerMusic
11 silly lifecycle WarnerMusic@~start: Args: [ '-c', 'node server.js' ]
12 silly lifecycle WarnerMusic@~start: Returned: code: 1  signal: null
13 info lifecycle WarnerMusic@~start: Failed to exec start script
14 verbose stack Error: WarnerMusic@ start: `node server.js`
14 verbose stack Exit status 1
14 verbose stack     at EventEmitter.<anonymous> (/usr/share/npm/lib/utils/lifecycle.js:232:16)
14 verbose stack     at emitTwo (events.js:126:13)
14 verbose stack     at EventEmitter.emit (events.js:214:7)
14 verbose stack     at ChildProcess.<anonymous> (/usr/share/npm/lib/utils/spawn.js:24:14)
14 verbose stack     at emitTwo (events.js:126:13)
14 verbose stack     at ChildProcess.emit (events.js:214:7)
14 verbose stack     at maybeClose (internal/child_process.js:925:16)
14 verbose stack     at Process.ChildProcess._handle.onexit (internal/child_process.js:209:5)
15 verbose pkgid WarnerMusic@
16 verbose cwd /home/ben-j/Documents/perso/hackathon/WarnerMusic
17 error Linux 4.15.0-38-generic
18 error argv "/usr/bin/node" "/usr/bin/npm" "start"
19 error node v8.10.0
20 error npm  v3.5.2
21 error code ELIFECYCLE
22 error WarnerMusic@ start: `node server.js`
22 error Exit status 1
23 error Failed at the WarnerMusic@ start script 'node server.js'.
23 error Make sure you have the latest version of node.js and npm installed.
23 error If you do, this is most likely a problem with the WarnerMusic package,
23 error not with npm itself.
23 error Tell the author that this fails on your system:
23 error     node server.js
23 error You can get information on how to open an issue for this project with:
23 error     npm bugs WarnerMusic
23 error Or if that isn't available, you can get their info via:
23 error     npm owner ls WarnerMusic
23 error There is likely additional logging output above.
24 verbose exit [ 1, true ]
